SCORES FOR THE GROUP: UC3M RUN=012
Gold Dataset: /Test-DDI_All

Partial Evaluation: only detection of DDI (regadless to the type)
tp	fp	fn	total	prec	recall	F1
0	0	979	979	0	0	0


Detection and Classification of DDI
tp	fp	fn	total	prec	recall	F1
0	0	979	979	0	0	0


________________________________________________________________________

SCORES FOR DDI TYPE
Scores for ddi with type mechanism
tp	fp	fn	total	prec	recall	F1
0	0	302	302	0	0	0


Scores for ddi with type effect
tp	fp	fn	total	prec	recall	F1
0	0	360	360	0	0	0


Scores for ddi with type advise
tp	fp	fn	total	prec	recall	F1
0	0	221	221	0	0	0


Scores for ddi with type int
tp	fp	fn	total	prec	recall	F1
0	0	96	96	0	0	0


MACRO-AVERAGE MEASURES:
	P	R	F1
	0	0	0
________________________________________________________________________

